
**********************************************************************************************************************************************************
**********************************************************************************************************************************************************
2022-11-10_16:52 -  -  🚀 Starting AIManager Install - cp4waiops-ai-manager
---------------------------------------------------------------------------------------------------------------------------------------------------
2022-11-10_16:52 -  - Initializing Installer
---------------------------------------------------------------------------------------------------------------------------------------------------
2022-11-10_16:52 -  - Global Storage Classes for CP4WAIOPS installation:
2022-11-10_16:52 -  -  CP4WAIOPS Storage Class File:          ibmc-file-gold-gid
2022-11-10_16:52 -  -  CP4WAIOPS Storage Class Large Block:   ibmc-block-gold
---------------------------------------------------------------------------------------------------------------------------------------------------
2022-11-10_16:52 -  - Installing Prerequisites
---------------------------------------------------------------------------------------------------------------------------------------------------
2022-11-10_16:52 -  - Installing CP4WAIOPS Operator
---------------------------------------------------------------------------------------------------------------------------------------------------
2022-11-10_16:52 -  - Installing CP4WAIOPS Operator
---------------------------------------------------------------------------------------------------------------------------------------------------
2022-11-10_16:53 -  -  🕦 Wait for CSVs to become ready
2022-11-10_16:53 -  -  ✅ CSVs are ready
---------------------------------------------------------------------------------------------------------------------------------------------------
2022-11-10_16:53 -  - Installing AI MAnager Instance
---------------------------------------------------------------------------------------------------------------------------------------------------
2022-11-10_16:53 -  -  🕦 Wait for Common Services to become ready
